Expected to make 2029 requests to warm up the cache.
ERROR - Request 4034: 40.0, -73.1 to 42.70000000000004, -77.29999999999976 returned 502
ERROR - Request 4035: 40.0, -73.1 to 42.70000000000004, -77.39999999999975 returned 502
ERROR - Request 4036: 40.0, -73.1 to 42.70000000000004, -77.49999999999974 returned 502
ERROR - Request 4037: 40.0, -73.1 to 42.70000000000004, -77.59999999999974 returned 502
ERROR - Request 4038: 40.0, -73.1 to 42.70000000000004, -77.69999999999973 returned 502
ERROR - Request 4039: 40.0, -73.1 to 42.70000000000004, -77.79999999999973 returned 502
ERROR - Request 4040: 40.0, -73.1 to 42.70000000000004, -77.89999999999972 returned 502
ERROR - Request 4041: 40.0, -73.1 to 42.70000000000004, -77.99999999999972 returned 502
ERROR - Request 4042: 40.0, -73.1 to 42.70000000000004, -78.09999999999971 returned 502
ERROR - Request 4043: 40.0, -73.1 to 42.70000000000004, -78.1999999999997 returned 502
ERROR - Request 4044: 40.0, -73.1 to 42.70000000000004, -78.2999999999997 returned 502
ERROR - Request 4045: 40.0, -73.1 to 42.70000000000004, -78.3999999999997 returned 502
ERROR - Request 4046: 40.0, -73.1 to 42.70000000000004, -78.49999999999969 returned 502
ERROR - Request 4047: 40.0, -73.1 to 42.70000000000004, -78.59999999999968 returned 502
ERROR - Request 4048: 40.0, -73.1 to 42.70000000000004, -78.69999999999968 returned 502
ERROR - Request 4049: 40.0, -73.1 to 42.70000000000004, -78.79999999999967 returned 502
ERROR - Request 4050: 40.0, -73.1 to 42.70000000000004, -78.89999999999966 returned 502
ERROR - Request 4051: 40.0, -73.1 to 42.70000000000004, -78.99999999999966 returned 502
ERROR - Request 4052: 40.0, -73.1 to 42.70000000000004, -79.09999999999965 returned 502
ERROR - Request 4053: 40.0, -73.1 to 42.70000000000004, -79.19999999999965 returned 502
ERROR - Request 4054: 40.0, -73.1 to 42.70000000000004, -79.29999999999964 returned 502
ERROR - Request 4055: 40.0, -73.1 to 42.70000000000004, -79.39999999999964 returned 502
ERROR - Request 4056: 40.0, -73.1 to 42.70000000000004, -79.49999999999963 returned 502
ERROR - Request 4057: 40.0, -73.1 to 42.70000000000004, -79.59999999999962 returned 502
ERROR - Request 4058: 40.0, -73.1 to 42.70000000000004, -79.69999999999962 returned 502
ERROR - Request 4059: 40.0, -73.1 to 42.70000000000004, -79.79999999999961 returned 502
ERROR - Request 4060: 40.0, -73.1 to 42.70000000000004, -79.89999999999961 returned 502
ERROR - Request 4061: 40.0, -73.1 to 42.80000000000004, -73.0 returned 502
ERROR - Request 4062: 40.0, -73.1 to 42.80000000000004, -73.1 returned 502
ERROR - Request 4063: 40.0, -73.1 to 42.80000000000004, -73.19999999999999 returned 502
ERROR - Request 4064: 40.0, -73.1 to 42.80000000000004, -73.29999999999998 returned 502
ERROR - Request 4065: 40.0, -73.1 to 42.80000000000004, -73.39999999999998 returned 502
ERROR - Request 4066: 40.0, -73.1 to 42.80000000000004, -73.49999999999997 returned 502
ERROR - Request 4067: 40.0, -73.1 to 42.80000000000004, -73.59999999999997 returned 502
ERROR - Request 4068: 40.0, -73.1 to 42.80000000000004, -73.69999999999996 returned 502
ERROR - Request 4069: 40.0, -73.1 to 42.80000000000004, -73.79999999999995 returned 502
ERROR - Request 4070: 40.0, -73.1 to 42.80000000000004, -73.89999999999995 returned 502
ERROR - Request 4071: 40.0, -73.1 to 42.80000000000004, -73.99999999999994 returned 502
ERROR - Request 4072: 40.0, -73.1 to 42.80000000000004, -74.09999999999994 returned 502
ERROR - Request 4073: 40.0, -73.1 to 42.80000000000004, -74.19999999999993 returned 502
ERROR - Request 4074: 40.0, -73.1 to 42.80000000000004, -74.29999999999993 returned 502
ERROR - Request 4075: 40.0, -73.1 to 42.80000000000004, -74.39999999999992 returned 502
ERROR - Request 4076: 40.0, -73.1 to 42.80000000000004, -74.49999999999991 returned 502
ERROR - Request 4077: 40.0, -73.1 to 42.80000000000004, -74.59999999999991 returned 502
ERROR - Request 4078: 40.0, -73.1 to 42.80000000000004, -74.6999999999999 returned 502
ERROR - Request 4079: 40.0, -73.1 to 42.80000000000004, -74.7999999999999 returned 502
ERROR - Request 4080: 40.0, -73.1 to 42.80000000000004, -74.89999999999989 returned 502
ERROR - Request 4081: 40.0, -73.1 to 42.80000000000004, -74.99999999999989 returned 502
ERROR - Request 4082: 40.0, -73.1 to 42.80000000000004, -75.09999999999988 returned 502
ERROR - Request 4083: 40.0, -73.1 to 42.80000000000004, -75.19999999999987 returned 502
ERROR - Request 4084: 40.0, -73.1 to 42.80000000000004, -75.29999999999987 returned 502
ERROR - Request 4085: 40.0, -73.1 to 42.80000000000004, -75.39999999999986 returned 502
ERROR - Request 4086: 40.0, -73.1 to 42.80000000000004, -75.49999999999986 returned 502
ERROR - Request 4087: 40.0, -73.1 to 42.80000000000004, -75.59999999999985 returned 502
ERROR - Request 4088: 40.0, -73.1 to 42.80000000000004, -75.69999999999985 returned 502
ERROR - Request 4089: 40.0, -73.1 to 42.80000000000004, -75.79999999999984 returned 502
ERROR - Request 4090: 40.0, -73.1 to 42.80000000000004, -75.89999999999984 returned 502
ERROR - Request 4091: 40.0, -73.1 to 42.80000000000004, -75.99999999999983 returned 502
ERROR - Request 4092: 40.0, -73.1 to 42.80000000000004, -76.09999999999982 returned 502
ERROR - Request 4093: 40.0, -73.1 to 42.80000000000004, -76.19999999999982 returned 502
ERROR - Request 4094: 40.0, -73.1 to 42.80000000000004, -76.29999999999981 returned 502
ERROR - Request 4095: 40.0, -73.1 to 42.80000000000004, -76.3999999999998 returned 502
ERROR - Request 4096: 40.0, -73.1 to 42.80000000000004, -76.4999999999998 returned 502
ERROR - Request 4097: 40.0, -73.1 to 42.80000000000004, -76.5999999999998 returned 502
ERROR - Request 4098: 40.0, -73.1 to 42.80000000000004, -76.69999999999979 returned 502
ERROR - Request 4099: 40.0, -73.1 to 42.80000000000004, -76.79999999999978 returned 502
ERROR - Request 4100: 40.0, -73.1 to 42.80000000000004, -76.89999999999978 returned 502
ERROR - Request 4101: 40.0, -73.1 to 42.80000000000004, -76.99999999999977 returned 502
ERROR - Request 4102: 40.0, -73.1 to 42.80000000000004, -77.09999999999977 returned 502
ERROR - Request 4103: 40.0, -73.1 to 42.80000000000004, -77.19999999999976 returned 502
ERROR - Request 4104: 40.0, -73.1 to 42.80000000000004, -77.29999999999976 returned 502
ERROR - Request 4105: 40.0, -73.1 to 42.80000000000004, -77.39999999999975 returned 502
ERROR - Request 4106: 40.0, -73.1 to 42.80000000000004, -77.49999999999974 returned 502
ERROR - Request 4107: 40.0, -73.1 to 42.80000000000004, -77.59999999999974 returned 502
ERROR - Request 4108: 40.0, -73.1 to 42.80000000000004, -77.69999999999973 returned 502
ERROR - Request 4109: 40.0, -73.1 to 42.80000000000004, -77.79999999999973 returned 502
ERROR - Request 4110: 40.0, -73.1 to 42.80000000000004, -77.89999999999972 returned 502
ERROR - Request 4111: 40.0, -73.1 to 42.80000000000004, -77.99999999999972 returned 502
ERROR - Request 4112: 40.0, -73.1 to 42.80000000000004, -78.09999999999971 returned 502
ERROR - Request 4113: 40.0, -73.1 to 42.80000000000004, -78.1999999999997 returned 502
ERROR - Request 4114: 40.0, -73.1 to 42.80000000000004, -78.2999999999997 returned 502
ERROR - Request 4115: 40.0, -73.1 to 42.80000000000004, -78.3999999999997 returned 502
ERROR - Request 4116: 40.0, -73.1 to 42.80000000000004, -78.49999999999969 returned 502
ERROR - Request 4117: 40.0, -73.1 to 42.80000000000004, -78.59999999999968 returned 502
ERROR - Request 4118: 40.0, -73.1 to 42.80000000000004, -78.69999999999968 returned 502
ERROR - Request 4119: 40.0, -73.1 to 42.80000000000004, -78.79999999999967 returned 502
ERROR - Request 4120: 40.0, -73.1 to 42.80000000000004, -78.89999999999966 returned 502
ERROR - Request 4121: 40.0, -73.1 to 42.80000000000004, -78.99999999999966 returned 502
ERROR - Request 4122: 40.0, -73.1 to 42.80000000000004, -79.09999999999965 returned 502
ERROR - Request 4123: 40.0, -73.1 to 42.80000000000004, -79.19999999999965 returned 502
ERROR - Request 4124: 40.0, -73.1 to 42.80000000000004, -79.29999999999964 returned 502
ERROR - Request 4125: 40.0, -73.1 to 42.80000000000004, -79.39999999999964 returned 502
ERROR - Request 4126: 40.0, -73.1 to 42.80000000000004, -79.49999999999963 returned 502
ERROR - Request 4127: 40.0, -73.1 to 42.80000000000004, -79.59999999999962 returned 502
ERROR - Request 4128: 40.0, -73.1 to 42.80000000000004, -79.69999999999962 returned 502
ERROR - Request 4129: 40.0, -73.1 to 42.80000000000004, -79.79999999999961 returned 502
ERROR - Request 4130: 40.0, -73.1 to 42.80000000000004, -79.89999999999961 returned 502
ERROR - Request 4131: 40.0, -73.1 to 42.90000000000004, -73.0 returned 502
ERROR - Request 4132: 40.0, -73.1 to 42.90000000000004, -73.1 returned 502
ERROR - Request 4133: 40.0, -73.1 to 42.90000000000004, -73.19999999999999 returned 502
ERROR - Request 4134: 40.0, -73.1 to 42.90000000000004, -73.29999999999998 returned 502
ERROR - Request 4135: 40.0, -73.1 to 42.90000000000004, -73.39999999999998 returned 502
ERROR - Request 4136: 40.0, -73.1 to 42.90000000000004, -73.49999999999997 returned 502
ERROR - Request 4137: 40.0, -73.1 to 42.90000000000004, -73.59999999999997 returned 502
ERROR - Request 4138: 40.0, -73.1 to 42.90000000000004, -73.69999999999996 returned 502
ERROR - Request 4139: 40.0, -73.1 to 42.90000000000004, -73.79999999999995 returned 502
ERROR - Request 4140: 40.0, -73.1 to 42.90000000000004, -73.89999999999995 returned 502
ERROR - Request 4141: 40.0, -73.1 to 42.90000000000004, -73.99999999999994 returned 502
ERROR - Request 4142: 40.0, -73.1 to 42.90000000000004, -74.09999999999994 returned 502
ERROR - Request 4143: 40.0, -73.1 to 42.90000000000004, -74.19999999999993 returned 502
ERROR - Request 4144: 40.0, -73.1 to 42.90000000000004, -74.29999999999993 returned 502
ERROR - Request 4145: 40.0, -73.1 to 42.90000000000004, -74.39999999999992 returned 502
ERROR - Request 4146: 40.0, -73.1 to 42.90000000000004, -74.49999999999991 returned 502
ERROR - Request 4147: 40.0, -73.1 to 42.90000000000004, -74.59999999999991 returned 502
ERROR - Request 4148: 40.0, -73.1 to 42.90000000000004, -74.6999999999999 returned 502
ERROR - Request 4149: 40.0, -73.1 to 42.90000000000004, -74.7999999999999 returned 502
ERROR - Request 4150: 40.0, -73.1 to 42.90000000000004, -74.89999999999989 returned 502
ERROR - Request 4151: 40.0, -73.1 to 42.90000000000004, -74.99999999999989 returned 502
ERROR - Request 4152: 40.0, -73.1 to 42.90000000000004, -75.09999999999988 returned 502
ERROR - Request 4153: 40.0, -73.1 to 42.90000000000004, -75.19999999999987 returned 502
ERROR - Request 4154: 40.0, -73.1 to 42.90000000000004, -75.29999999999987 returned 502
ERROR - Request 4155: 40.0, -73.1 to 42.90000000000004, -75.39999999999986 returned 502
ERROR - Request 4156: 40.0, -73.1 to 42.90000000000004, -75.49999999999986 returned 502
ERROR - Request 4157: 40.0, -73.1 to 42.90000000000004, -75.59999999999985 returned 502
ERROR - Request 4158: 40.0, -73.1 to 42.90000000000004, -75.69999999999985 returned 502
ERROR - Request 4159: 40.0, -73.1 to 42.90000000000004, -75.79999999999984 returned 502
ERROR - Request 4160: 40.0, -73.1 to 42.90000000000004, -75.89999999999984 returned 502
ERROR - Request 4161: 40.0, -73.1 to 42.90000000000004, -75.99999999999983 returned 502
ERROR - Request 4162: 40.0, -73.1 to 42.90000000000004, -76.09999999999982 returned 502
ERROR - Request 4163: 40.0, -73.1 to 42.90000000000004, -76.19999999999982 returned 502
ERROR - Request 4164: 40.0, -73.1 to 42.90000000000004, -76.29999999999981 returned 502
ERROR - Request 4165: 40.0, -73.1 to 42.90000000000004, -76.3999999999998 returned 502
ERROR - Request 4166: 40.0, -73.1 to 42.90000000000004, -76.4999999999998 returned 502
ERROR - Request 4167: 40.0, -73.1 to 42.90000000000004, -76.5999999999998 returned 502
ERROR - Request 4168: 40.0, -73.1 to 42.90000000000004, -76.69999999999979 returned 502
ERROR - Request 4169: 40.0, -73.1 to 42.90000000000004, -76.79999999999978 returned 502
ERROR - Request 4170: 40.0, -73.1 to 42.90000000000004, -76.89999999999978 returned 502
ERROR - Request 4171: 40.0, -73.1 to 42.90000000000004, -76.99999999999977 returned 502
ERROR - Request 4172: 40.0, -73.1 to 42.90000000000004, -77.09999999999977 returned 502
ERROR - Request 4173: 40.0, -73.1 to 42.90000000000004, -77.19999999999976 returned 502
ERROR - Request 4174: 40.0, -73.1 to 42.90000000000004, -77.29999999999976 returned 502
ERROR - Request 4175: 40.0, -73.1 to 42.90000000000004, -77.39999999999975 returned 502
ERROR - Request 4176: 40.0, -73.1 to 42.90000000000004, -77.49999999999974 returned 502
ERROR - Request 4177: 40.0, -73.1 to 42.90000000000004, -77.59999999999974 returned 502
ERROR - Request 4178: 40.0, -73.1 to 42.90000000000004, -77.69999999999973 returned 502
ERROR - Request 4179: 40.0, -73.1 to 42.90000000000004, -77.79999999999973 returned 502
ERROR - Request 4180: 40.0, -73.1 to 42.90000000000004, -77.89999999999972 returned 502
ERROR - Request 4181: 40.0, -73.1 to 42.90000000000004, -77.99999999999972 returned 502
ERROR - Request 4182: 40.0, -73.1 to 42.90000000000004, -78.09999999999971 returned 502
ERROR - Request 4183: 40.0, -73.1 to 42.90000000000004, -78.1999999999997 returned 502
ERROR - Request 4184: 40.0, -73.1 to 42.90000000000004, -78.2999999999997 returned 502
ERROR - Request 4185: 40.0, -73.1 to 42.90000000000004, -78.3999999999997 returned 502
ERROR - Request 4186: 40.0, -73.1 to 42.90000000000004, -78.49999999999969 returned 502
ERROR - Request 4187: 40.0, -73.1 to 42.90000000000004, -78.59999999999968 returned 502
ERROR - Request 4188: 40.0, -73.1 to 42.90000000000004, -78.69999999999968 returned 502
ERROR - Request 4189: 40.0, -73.1 to 42.90000000000004, -78.79999999999967 returned 502
ERROR - Request 4190: 40.0, -73.1 to 42.90000000000004, -78.89999999999966 returned 502
ERROR - Request 4191: 40.0, -73.1 to 42.90000000000004, -78.99999999999966 returned 502
ERROR - Request 4192: 40.0, -73.1 to 42.90000000000004, -79.09999999999965 returned 502
ERROR - Request 4193: 40.0, -73.1 to 42.90000000000004, -79.19999999999965 returned 502
ERROR - Request 4194: 40.0, -73.1 to 42.90000000000004, -79.29999999999964 returned 502
ERROR - Request 4195: 40.0, -73.1 to 42.90000000000004, -79.39999999999964 returned 502
ERROR - Request 4196: 40.0, -73.1 to 42.90000000000004, -79.49999999999963 returned 502
ERROR - Request 4197: 40.0, -73.1 to 42.90000000000004, -79.59999999999962 returned 502
ERROR - Request 4198: 40.0, -73.1 to 42.90000000000004, -79.69999999999962 returned 502
ERROR - Request 4199: 40.0, -73.1 to 42.90000000000004, -79.79999999999961 returned 502
ERROR - Request 4200: 40.0, -73.1 to 42.90000000000004, -79.89999999999961 returned 502
ERROR - Request 4201: 40.0, -73.19999999999999 to 40.0, -73.0 returned 502
ERROR - Request 4202: 40.0, -73.19999999999999 to 40.0, -73.1 returned 502
ERROR - Request 4203: 40.0, -73.19999999999999 to 40.0, -73.19999999999999 returned 502
ERROR - Request 4204: 40.0, -73.19999999999999 to 40.0, -73.29999999999998 returned 502
ERROR - Request 4205: 40.0, -73.19999999999999 to 40.0, -73.39999999999998 returned 502
ERROR - Request 4206: 40.0, -73.19999999999999 to 40.0, -73.49999999999997 returned 502
ERROR - Request 4207: 40.0, -73.19999999999999 to 40.0, -73.59999999999997 returned 502
ERROR - Request 4208: 40.0, -73.19999999999999 to 40.0, -73.69999999999996 returned 502
ERROR - Request 4209: 40.0, -73.19999999999999 to 40.0, -73.79999999999995 returned 502
ERROR - Request 4210: 40.0, -73.19999999999999 to 40.0, -73.89999999999995 returned 502
ERROR - Request 4211: 40.0, -73.19999999999999 to 40.0, -73.99999999999994 returned 502
ERROR - Request 4212: 40.0, -73.19999999999999 to 40.0, -74.09999999999994 returned 502
ERROR - Request 4213: 40.0, -73.19999999999999 to 40.0, -74.19999999999993 returned 502
ERROR - Request 4214: 40.0, -73.19999999999999 to 40.0, -74.29999999999993 returned 502
ERROR - Request 4215: 40.0, -73.19999999999999 to 40.0, -74.39999999999992 returned 502
ERROR - Request 4216: 40.0, -73.19999999999999 to 40.0, -74.49999999999991 returned 502
ERROR - Request 4217: 40.0, -73.19999999999999 to 40.0, -74.59999999999991 returned 502
ERROR - Request 4218: 40.0, -73.19999999999999 to 40.0, -74.6999999999999 returned 502
ERROR - Request 4219: 40.0, -73.19999999999999 to 40.0, -74.7999999999999 returned 502
ERROR - Request 4220: 40.0, -73.19999999999999 to 40.0, -74.89999999999989 returned 502
ERROR - Request 4221: 40.0, -73.19999999999999 to 40.0, -74.99999999999989 returned 502
ERROR - Request 4222: 40.0, -73.19999999999999 to 40.0, -75.09999999999988 returned 502
ERROR - Request 4223: 40.0, -73.19999999999999 to 40.0, -75.19999999999987 returned 502
ERROR - Request 4224: 40.0, -73.19999999999999 to 40.0, -75.29999999999987 returned 502
ERROR - Request 4225: 40.0, -73.19999999999999 to 40.0, -75.39999999999986 returned 502
ERROR - Request 4226: 40.0, -73.19999999999999 to 40.0, -75.49999999999986 returned 502
ERROR - Request 4227: 40.0, -73.19999999999999 to 40.0, -75.59999999999985 returned 502
ERROR - Request 4228: 40.0, -73.19999999999999 to 40.0, -75.69999999999985 returned 502
ERROR - Request 4229: 40.0, -73.19999999999999 to 40.0, -75.79999999999984 returned 502
ERROR - Request 4230: 40.0, -73.19999999999999 to 40.0, -75.89999999999984 returned 502
ERROR - Request 4231: 40.0, -73.19999999999999 to 40.0, -75.99999999999983 returned 502
ERROR - Request 4232: 40.0, -73.19999999999999 to 40.0, -76.09999999999982 returned 502
ERROR - Request 4233: 40.0, -73.19999999999999 to 40.0, -76.19999999999982 returned 502
ERROR - Request 4234: 40.0, -73.19999999999999 to 40.0, -76.29999999999981 returned 502
ERROR - Request 4235: 40.0, -73.19999999999999 to 40.0, -76.3999999999998 returned 502
ERROR - Request 4236: 40.0, -73.19999999999999 to 40.0, -76.4999999999998 returned 502
ERROR - Request 4237: 40.0, -73.19999999999999 to 40.0, -76.5999999999998 returned 502
ERROR - Request 4238: 40.0, -73.19999999999999 to 40.0, -76.69999999999979 returned 502
ERROR - Request 4239: 40.0, -73.19999999999999 to 40.0, -76.79999999999978 returned 502
ERROR - Request 4240: 40.0, -73.19999999999999 to 40.0, -76.89999999999978 returned 502
ERROR - Request 4241: 40.0, -73.19999999999999 to 40.0, -76.99999999999977 returned 502
ERROR - Request 4242: 40.0, -73.19999999999999 to 40.0, -77.09999999999977 returned 502
ERROR - Request 4243: 40.0, -73.19999999999999 to 40.0, -77.19999999999976 returned 502
ERROR - Request 4244: 40.0, -73.19999999999999 to 40.0, -77.29999999999976 returned 502
ERROR - Request 4245: 40.0, -73.19999999999999 to 40.0, -77.39999999999975 returned 502
ERROR - Request 4246: 40.0, -73.19999999999999 to 40.0, -77.49999999999974 returned 502
ERROR - Request 4247: 40.0, -73.19999999999999 to 40.0, -77.59999999999974 returned 502
ERROR - Request 4248: 40.0, -73.19999999999999 to 40.0, -77.69999999999973 returned 502
ERROR - Request 4249: 40.0, -73.19999999999999 to 40.0, -77.79999999999973 returned 502
ERROR - Request 4250: 40.0, -73.19999999999999 to 40.0, -77.89999999999972 returned 502
ERROR - Request 4251: 40.0, -73.19999999999999 to 40.0, -77.99999999999972 returned 502
ERROR - Request 4252: 40.0, -73.19999999999999 to 40.0, -78.09999999999971 returned 502
ERROR - Request 4253: 40.0, -73.19999999999999 to 40.0, -78.1999999999997 returned 502
ERROR - Request 4254: 40.0, -73.19999999999999 to 40.0, -78.2999999999997 returned 502
ERROR - Request 4255: 40.0, -73.19999999999999 to 40.0, -78.3999999999997 returned 502
ERROR - Request 4256: 40.0, -73.19999999999999 to 40.0, -78.49999999999969 returned 502
ERROR - Request 4257: 40.0, -73.19999999999999 to 40.0, -78.59999999999968 returned 502
ERROR - Request 4258: 40.0, -73.19999999999999 to 40.0, -78.69999999999968 returned 502
ERROR - Request 4259: 40.0, -73.19999999999999 to 40.0, -78.79999999999967 returned 502
ERROR - Request 4260: 40.0, -73.19999999999999 to 40.0, -78.89999999999966 returned 502
ERROR - Request 4261: 40.0, -73.19999999999999 to 40.0, -78.99999999999966 returned 502
ERROR - Request 4262: 40.0, -73.19999999999999 to 40.0, -79.09999999999965 returned 502
ERROR - Request 4263: 40.0, -73.19999999999999 to 40.0, -79.19999999999965 returned 502
ERROR - Request 4264: 40.0, -73.19999999999999 to 40.0, -79.29999999999964 returned 502
ERROR - Request 4265: 40.0, -73.19999999999999 to 40.0, -79.39999999999964 returned 502
ERROR - Request 4266: 40.0, -73.19999999999999 to 40.0, -79.49999999999963 returned 502
ERROR - Request 4267: 40.0, -73.19999999999999 to 40.0, -79.59999999999962 returned 502
ERROR - Request 4268: 40.0, -73.19999999999999 to 40.0, -79.69999999999962 returned 502
ERROR - Request 4269: 40.0, -73.19999999999999 to 40.0, -79.79999999999961 returned 502
ERROR - Request 4270: 40.0, -73.19999999999999 to 40.0, -79.89999999999961 returned 502
ERROR - Request 4271: 40.0, -73.19999999999999 to 40.1, -73.0 returned 502
ERROR - Request 4272: 40.0, -73.19999999999999 to 40.1, -73.1 returned 502
ERROR - Request 4273: 40.0, -73.19999999999999 to 40.1, -73.19999999999999 returned 502
ERROR - Request 4274: 40.0, -73.19999999999999 to 40.1, -73.29999999999998 returned 502
ERROR - Request 4275: 40.0, -73.19999999999999 to 40.1, -73.39999999999998 returned 502
ERROR - Request 4276: 40.0, -73.19999999999999 to 40.1, -73.49999999999997 returned 502
ERROR - Request 4277: 40.0, -73.19999999999999 to 40.1, -73.59999999999997 returned 502
ERROR - Request 4278: 40.0, -73.19999999999999 to 40.1, -73.69999999999996 returned 502
ERROR - Request 4279: 40.0, -73.19999999999999 to 40.1, -73.79999999999995 returned 502
ERROR - Request 4280: 40.0, -73.19999999999999 to 40.1, -73.89999999999995 returned 502
ERROR - Request 4281: 40.0, -73.19999999999999 to 40.1, -73.99999999999994 returned 502
ERROR - Request 4282: 40.0, -73.19999999999999 to 40.1, -74.09999999999994 returned 502
ERROR - Request 4283: 40.0, -73.19999999999999 to 40.1, -74.19999999999993 returned 502
ERROR - Request 4284: 40.0, -73.19999999999999 to 40.1, -74.29999999999993 returned 502
ERROR - Request 4285: 40.0, -73.19999999999999 to 40.1, -74.39999999999992 returned 502
ERROR - Request 4286: 40.0, -73.19999999999999 to 40.1, -74.49999999999991 returned 502
ERROR - Request 4287: 40.0, -73.19999999999999 to 40.1, -74.59999999999991 returned 502
ERROR - Request 4288: 40.0, -73.19999999999999 to 40.1, -74.6999999999999 returned 502
ERROR - Request 4289: 40.0, -73.19999999999999 to 40.1, -74.7999999999999 returned 502
ERROR - Request 4290: 40.0, -73.19999999999999 to 40.1, -74.89999999999989 returned 502
ERROR - Request 4291: 40.0, -73.19999999999999 to 40.1, -74.99999999999989 returned 502
ERROR - Request 4292: 40.0, -73.19999999999999 to 40.1, -75.09999999999988 returned 502
ERROR - Request 4293: 40.0, -73.19999999999999 to 40.1, -75.19999999999987 returned 502
ERROR - Request 4294: 40.0, -73.19999999999999 to 40.1, -75.29999999999987 returned 502
ERROR - Request 4295: 40.0, -73.19999999999999 to 40.1, -75.39999999999986 returned 502
ERROR - Request 4296: 40.0, -73.19999999999999 to 40.1, -75.49999999999986 returned 502
ERROR - Request 4297: 40.0, -73.19999999999999 to 40.1, -75.59999999999985 returned 502
ERROR - Request 4298: 40.0, -73.19999999999999 to 40.1, -75.69999999999985 returned 502
ERROR - Request 4299: 40.0, -73.19999999999999 to 40.1, -75.79999999999984 returned 502
ERROR - Request 4300: 40.0, -73.19999999999999 to 40.1, -75.89999999999984 returned 502
ERROR - Request 4301: 40.0, -73.19999999999999 to 40.1, -75.99999999999983 returned 502
ERROR - Request 4302: 40.0, -73.19999999999999 to 40.1, -76.09999999999982 returned 502
ERROR - Request 4303: 40.0, -73.19999999999999 to 40.1, -76.19999999999982 returned 502
ERROR - Request 4304: 40.0, -73.19999999999999 to 40.1, -76.29999999999981 returned 502
ERROR - Request 4305: 40.0, -73.19999999999999 to 40.1, -76.3999999999998 returned 502
ERROR - Request 4306: 40.0, -73.19999999999999 to 40.1, -76.4999999999998 returned 502
ERROR - Request 4307: 40.0, -73.19999999999999 to 40.1, -76.5999999999998 returned 502
ERROR - Request 4308: 40.0, -73.19999999999999 to 40.1, -76.69999999999979 returned 502
ERROR - Request 4309: 40.0, -73.19999999999999 to 40.1, -76.79999999999978 returned 502
ERROR - Request 4310: 40.0, -73.19999999999999 to 40.1, -76.89999999999978 returned 502
ERROR - Request 4311: 40.0, -73.19999999999999 to 40.1, -76.99999999999977 returned 502
ERROR - Request 4312: 40.0, -73.19999999999999 to 40.1, -77.09999999999977 returned 502
ERROR - Request 4313: 40.0, -73.19999999999999 to 40.1, -77.19999999999976 returned 502
ERROR - Request 4314: 40.0, -73.19999999999999 to 40.1, -77.29999999999976 returned 502
ERROR - Request 4315: 40.0, -73.19999999999999 to 40.1, -77.39999999999975 returned 502
ERROR - Request 4316: 40.0, -73.19999999999999 to 40.1, -77.49999999999974 returned 502
ERROR - Request 4317: 40.0, -73.19999999999999 to 40.1, -77.59999999999974 returned 502
ERROR - Request 4318: 40.0, -73.19999999999999 to 40.1, -77.69999999999973 returned 502
ERROR - Request 4319: 40.0, -73.19999999999999 to 40.1, -77.79999999999973 returned 502
ERROR - Request 4320: 40.0, -73.19999999999999 to 40.1, -77.89999999999972 returned 502
ERROR - Request 4321: 40.0, -73.19999999999999 to 40.1, -77.99999999999972 returned 502
ERROR - Request 4322: 40.0, -73.19999999999999 to 40.1, -78.09999999999971 returned 502
ERROR - Request 4323: 40.0, -73.19999999999999 to 40.1, -78.1999999999997 returned 502
ERROR - Request 4324: 40.0, -73.19999999999999 to 40.1, -78.2999999999997 returned 502
ERROR - Request 4325: 40.0, -73.19999999999999 to 40.1, -78.3999999999997 returned 502
ERROR - Request 4326: 40.0, -73.19999999999999 to 40.1, -78.49999999999969 returned 502
ERROR - Request 4327: 40.0, -73.19999999999999 to 40.1, -78.59999999999968 returned 502
ERROR - Request 4328: 40.0, -73.19999999999999 to 40.1, -78.69999999999968 returned 502
ERROR - Request 4329: 40.0, -73.19999999999999 to 40.1, -78.79999999999967 returned 502
ERROR - Request 4330: 40.0, -73.19999999999999 to 40.1, -78.89999999999966 returned 502
ERROR - Request 4331: 40.0, -73.19999999999999 to 40.1, -78.99999999999966 returned 502
ERROR - Request 4332: 40.0, -73.19999999999999 to 40.1, -79.09999999999965 returned 502
ERROR - Request 4333: 40.0, -73.19999999999999 to 40.1, -79.19999999999965 returned 502
ERROR - Request 4334: 40.0, -73.19999999999999 to 40.1, -79.29999999999964 returned 502
ERROR - Request 4335: 40.0, -73.19999999999999 to 40.1, -79.39999999999964 returned 502
ERROR - Request 4336: 40.0, -73.19999999999999 to 40.1, -79.49999999999963 returned 502
ERROR - Request 4337: 40.0, -73.19999999999999 to 40.1, -79.59999999999962 returned 502
ERROR - Request 4338: 40.0, -73.19999999999999 to 40.1, -79.69999999999962 returned 502
ERROR - Request 4339: 40.0, -73.19999999999999 to 40.1, -79.79999999999961 returned 502
ERROR - Request 4340: 40.0, -73.19999999999999 to 40.1, -79.89999999999961 returned 502
ERROR - Request 4341: 40.0, -73.19999999999999 to 40.2, -73.0 returned 502
ERROR - Request 4342: 40.0, -73.19999999999999 to 40.2, -73.1 returned 502
ERROR - Request 4343: 40.0, -73.19999999999999 to 40.2, -73.19999999999999 returned 502
ERROR - Request 4344: 40.0, -73.19999999999999 to 40.2, -73.29999999999998 returned 502
ERROR - Request 4345: 40.0, -73.19999999999999 to 40.2, -73.39999999999998 returned 502
ERROR - Request 4346: 40.0, -73.19999999999999 to 40.2, -73.49999999999997 returned 502
ERROR - Request 4347: 40.0, -73.19999999999999 to 40.2, -73.59999999999997 returned 502
ERROR - Request 4348: 40.0, -73.19999999999999 to 40.2, -73.69999999999996 returned 502
ERROR - Request 4349: 40.0, -73.19999999999999 to 40.2, -73.79999999999995 returned 502
ERROR - Request 4350: 40.0, -73.19999999999999 to 40.2, -73.89999999999995 returned 502
ERROR - Request 4351: 40.0, -73.19999999999999 to 40.2, -73.99999999999994 returned 502
ERROR - Request 4352: 40.0, -73.19999999999999 to 40.2, -74.09999999999994 returned 502
ERROR - Request 4353: 40.0, -73.19999999999999 to 40.2, -74.19999999999993 returned 502
ERROR - Request 4354: 40.0, -73.19999999999999 to 40.2, -74.29999999999993 returned 502
ERROR - Request 4355: 40.0, -73.19999999999999 to 40.2, -74.39999999999992 returned 502
ERROR - Request 4356: 40.0, -73.19999999999999 to 40.2, -74.49999999999991 returned 502
ERROR - Request 4357: 40.0, -73.19999999999999 to 40.2, -74.59999999999991 returned 502
ERROR - Request 4358: 40.0, -73.19999999999999 to 40.2, -74.6999999999999 returned 502
ERROR - Request 4359: 40.0, -73.19999999999999 to 40.2, -74.7999999999999 returned 502
ERROR - Request 4360: 40.0, -73.19999999999999 to 40.2, -74.89999999999989 returned 502
ERROR - Request 4361: 40.0, -73.19999999999999 to 40.2, -74.99999999999989 returned 502
ERROR - Request 4362: 40.0, -73.19999999999999 to 40.2, -75.09999999999988 returned 502
ERROR - Request 4363: 40.0, -73.19999999999999 to 40.2, -75.19999999999987 returned 502
ERROR - Request 4364: 40.0, -73.19999999999999 to 40.2, -75.29999999999987 returned 502
ERROR - Request 4365: 40.0, -73.19999999999999 to 40.2, -75.39999999999986 returned 502
ERROR - Request 4366: 40.0, -73.19999999999999 to 40.2, -75.49999999999986 returned 502
ERROR - Request 4367: 40.0, -73.19999999999999 to 40.2, -75.59999999999985 returned 502
ERROR - Request 4368: 40.0, -73.19999999999999 to 40.2, -75.69999999999985 returned 502
ERROR - Request 4369: 40.0, -73.19999999999999 to 40.2, -75.79999999999984 returned 502
ERROR - Request 4370: 40.0, -73.19999999999999 to 40.2, -75.89999999999984 returned 502
ERROR - Request 4371: 40.0, -73.19999999999999 to 40.2, -75.99999999999983 returned 502
ERROR - Request 4372: 40.0, -73.19999999999999 to 40.2, -76.09999999999982 returned 502
ERROR - Request 4373: 40.0, -73.19999999999999 to 40.2, -76.19999999999982 returned 502
ERROR - Request 4374: 40.0, -73.19999999999999 to 40.2, -76.29999999999981 returned 502
ERROR - Request 4375: 40.0, -73.19999999999999 to 40.2, -76.3999999999998 returned 502
ERROR - Request 4376: 40.0, -73.19999999999999 to 40.2, -76.4999999999998 returned 502
ERROR - Request 4377: 40.0, -73.19999999999999 to 40.2, -76.5999999999998 returned 502
ERROR - Request 4378: 40.0, -73.19999999999999 to 40.2, -76.69999999999979 returned 502
ERROR - Request 4379: 40.0, -73.19999999999999 to 40.2, -76.79999999999978 returned 502
ERROR - Request 4380: 40.0, -73.19999999999999 to 40.2, -76.89999999999978 returned 502
ERROR - Request 4381: 40.0, -73.19999999999999 to 40.2, -76.99999999999977 returned 502
ERROR - Request 4382: 40.0, -73.19999999999999 to 40.2, -77.09999999999977 returned 502
ERROR - Request 4383: 40.0, -73.19999999999999 to 40.2, -77.19999999999976 returned 502
ERROR - Request 4384: 40.0, -73.19999999999999 to 40.2, -77.29999999999976 returned 502
ERROR - Request 4385: 40.0, -73.19999999999999 to 40.2, -77.39999999999975 returned 502
ERROR - Request 4386: 40.0, -73.19999999999999 to 40.2, -77.49999999999974 returned 502
ERROR - Request 4387: 40.0, -73.19999999999999 to 40.2, -77.59999999999974 returned 502
ERROR - Request 4388: 40.0, -73.19999999999999 to 40.2, -77.69999999999973 returned 502
ERROR - Request 4389: 40.0, -73.19999999999999 to 40.2, -77.79999999999973 returned 502
ERROR - Request 4390: 40.0, -73.19999999999999 to 40.2, -77.89999999999972 returned 502
ERROR - Request 4391: 40.0, -73.19999999999999 to 40.2, -77.99999999999972 returned 502
ERROR - Request 4392: 40.0, -73.19999999999999 to 40.2, -78.09999999999971 returned 502
ERROR - Request 4393: 40.0, -73.19999999999999 to 40.2, -78.1999999999997 returned 502
ERROR - Request 4394: 40.0, -73.19999999999999 to 40.2, -78.2999999999997 returned 502
ERROR - Request 4395: 40.0, -73.19999999999999 to 40.2, -78.3999999999997 returned 502
ERROR - Request 4396: 40.0, -73.19999999999999 to 40.2, -78.49999999999969 returned 502
ERROR - Request 4397: 40.0, -73.19999999999999 to 40.2, -78.59999999999968 returned 502
ERROR - Request 4398: 40.0, -73.19999999999999 to 40.2, -78.69999999999968 returned 502
ERROR - Request 4399: 40.0, -73.19999999999999 to 40.2, -78.79999999999967 returned 502
ERROR - Request 4400: 40.0, -73.19999999999999 to 40.2, -78.89999999999966 returned 502
ERROR - Request 4401: 40.0, -73.19999999999999 to 40.2, -78.99999999999966 returned 502
ERROR - Request 4402: 40.0, -73.19999999999999 to 40.2, -79.09999999999965 returned 502
ERROR - Request 4403: 40.0, -73.19999999999999 to 40.2, -79.19999999999965 returned 502
ERROR - Request 4404: 40.0, -73.19999999999999 to 40.2, -79.29999999999964 returned 502
ERROR - Request 4405: 40.0, -73.19999999999999 to 40.2, -79.39999999999964 returned 502
ERROR - Request 4406: 40.0, -73.19999999999999 to 40.2, -79.49999999999963 returned 502
ERROR - Request 4407: 40.0, -73.19999999999999 to 40.2, -79.59999999999962 returned 502
ERROR - Request 4408: 40.0, -73.19999999999999 to 40.2, -79.69999999999962 returned 502
ERROR - Request 4409: 40.0, -73.19999999999999 to 40.2, -79.79999999999961 returned 502
ERROR - Request 4410: 40.0, -73.19999999999999 to 40.2, -79.89999999999961 returned 502
ERROR - Request 4411: 40.0, -73.19999999999999 to 40.300000000000004, -73.0 returned 502
ERROR - Request 4412: 40.0, -73.19999999999999 to 40.300000000000004, -73.1 returned 502
ERROR - Request 4413: 40.0, -73.19999999999999 to 40.300000000000004, -73.19999999999999 returned 502
ERROR - Request 4414: 40.0, -73.19999999999999 to 40.300000000000004, -73.29999999999998 returned 502
ERROR - Request 4415: 40.0, -73.19999999999999 to 40.300000000000004, -73.39999999999998 returned 502
ERROR - Request 4416: 40.0, -73.19999999999999 to 40.300000000000004, -73.49999999999997 returned 502
ERROR - Request 4417: 40.0, -73.19999999999999 to 40.300000000000004, -73.59999999999997 returned 502
ERROR - Request 4418: 40.0, -73.19999999999999 to 40.300000000000004, -73.69999999999996 returned 502
ERROR - Request 4419: 40.0, -73.19999999999999 to 40.300000000000004, -73.79999999999995 returned 502
ERROR - Request 4420: 40.0, -73.19999999999999 to 40.300000000000004, -73.89999999999995 returned 502
ERROR - Request 4421: 40.0, -73.19999999999999 to 40.300000000000004, -73.99999999999994 returned 502
ERROR - Request 4422: 40.0, -73.19999999999999 to 40.300000000000004, -74.09999999999994 returned 502
ERROR - Request 4423: 40.0, -73.19999999999999 to 40.300000000000004, -74.19999999999993 returned 502
ERROR - Request 4424: 40.0, -73.19999999999999 to 40.300000000000004, -74.29999999999993 returned 502
ERROR - Request 4425: 40.0, -73.19999999999999 to 40.300000000000004, -74.39999999999992 returned 502
ERROR - Request 4426: 40.0, -73.19999999999999 to 40.300000000000004, -74.49999999999991 returned 502
ERROR - Request 4427: 40.0, -73.19999999999999 to 40.300000000000004, -74.59999999999991 returned 502
ERROR - Request 4428: 40.0, -73.19999999999999 to 40.300000000000004, -74.6999999999999 returned 502
ERROR - Request 4429: 40.0, -73.19999999999999 to 40.300000000000004, -74.7999999999999 returned 502
ERROR - Request 4430: 40.0, -73.19999999999999 to 40.300000000000004, -74.89999999999989 returned 502
ERROR - Request 4431: 40.0, -73.19999999999999 to 40.300000000000004, -74.99999999999989 returned 502
ERROR - Request 4432: 40.0, -73.19999999999999 to 40.300000000000004, -75.09999999999988 returned 502
ERROR - Request 4433: 40.0, -73.19999999999999 to 40.300000000000004, -75.19999999999987 returned 502
ERROR - Request 4434: 40.0, -73.19999999999999 to 40.300000000000004, -75.29999999999987 returned 502
ERROR - Request 4435: 40.0, -73.19999999999999 to 40.300000000000004, -75.39999999999986 returned 502
ERROR - Request 4436: 40.0, -73.19999999999999 to 40.300000000000004, -75.49999999999986 returned 502
ERROR - Request 4437: 40.0, -73.19999999999999 to 40.300000000000004, -75.59999999999985 returned 502
ERROR - Request 4438: 40.0, -73.19999999999999 to 40.300000000000004, -75.69999999999985 returned 502
ERROR - Request 4439: 40.0, -73.19999999999999 to 40.300000000000004, -75.79999999999984 returned 502
ERROR - Request 4440: 40.0, -73.19999999999999 to 40.300000000000004, -75.89999999999984 returned 502
ERROR - Request 4441: 40.0, -73.19999999999999 to 40.300000000000004, -75.99999999999983 returned 502
ERROR - Request 4442: 40.0, -73.19999999999999 to 40.300000000000004, -76.09999999999982 returned 502
ERROR - Request 4443: 40.0, -73.19999999999999 to 40.300000000000004, -76.19999999999982 returned 502
ERROR - Request 4444: 40.0, -73.19999999999999 to 40.300000000000004, -76.29999999999981 returned 502
ERROR - Request 4445: 40.0, -73.19999999999999 to 40.300000000000004, -76.3999999999998 returned 502
ERROR - Request 4446: 40.0, -73.19999999999999 to 40.300000000000004, -76.4999999999998 returned 502
ERROR - Request 4447: 40.0, -73.19999999999999 to 40.300000000000004, -76.5999999999998 returned 502
ERROR - Request 4448: 40.0, -73.19999999999999 to 40.300000000000004, -76.69999999999979 returned 502
ERROR - Request 4449: 40.0, -73.19999999999999 to 40.300000000000004, -76.79999999999978 returned 502
ERROR - Request 4450: 40.0, -73.19999999999999 to 40.300000000000004, -76.89999999999978 returned 502
ERROR - Request 4451: 40.0, -73.19999999999999 to 40.300000000000004, -76.99999999999977 returned 502
ERROR - Request 4452: 40.0, -73.19999999999999 to 40.300000000000004, -77.09999999999977 returned 502
ERROR - Request 4453: 40.0, -73.19999999999999 to 40.300000000000004, -77.19999999999976 returned 502
ERROR - Request 4454: 40.0, -73.19999999999999 to 40.300000000000004, -77.29999999999976 returned 502
ERROR - Request 4455: 40.0, -73.19999999999999 to 40.300000000000004, -77.39999999999975 returned 502
ERROR - Request 4456: 40.0, -73.19999999999999 to 40.300000000000004, -77.49999999999974 returned 502
ERROR - Request 4457: 40.0, -73.19999999999999 to 40.300000000000004, -77.59999999999974 returned 502
ERROR - Request 4458: 40.0, -73.19999999999999 to 40.300000000000004, -77.69999999999973 returned 502
ERROR - Request 4459: 40.0, -73.19999999999999 to 40.300000000000004, -77.79999999999973 returned 502
ERROR - Request 4460: 40.0, -73.19999999999999 to 40.300000000000004, -77.89999999999972 returned 502
ERROR - Request 4461: 40.0, -73.19999999999999 to 40.300000000000004, -77.99999999999972 returned 502
ERROR - Request 4462: 40.0, -73.19999999999999 to 40.300000000000004, -78.09999999999971 returned 502
ERROR - Request 4463: 40.0, -73.19999999999999 to 40.300000000000004, -78.1999999999997 returned 502
ERROR - Request 4464: 40.0, -73.19999999999999 to 40.300000000000004, -78.2999999999997 returned 502
ERROR - Request 4465: 40.0, -73.19999999999999 to 40.300000000000004, -78.3999999999997 returned 502
ERROR - Request 4466: 40.0, -73.19999999999999 to 40.300000000000004, -78.49999999999969 returned 502
ERROR - Request 4467: 40.0, -73.19999999999999 to 40.300000000000004, -78.59999999999968 returned 502
ERROR - Request 4468: 40.0, -73.19999999999999 to 40.300000000000004, -78.69999999999968 returned 502
Traceback (most recent call last):
  File "/Users/harry/Stony Brook University/Courses/Spring 2024/CSE356/projects/cse356_project/script/warm-route-cache.py", line 38, in <module>
    warm_cache()
  File "/Users/harry/Stony Brook University/Courses/Spring 2024/CSE356/projects/cse356_project/script/warm-route-cache.py", line 28, in warm_cache
    response = requests.post(API_URL, json=payload)
               ^^^^^^^^^^^^^^^^^^^^^^^^^^^^^^^^^^^^
  File "/Users/harry/Stony Brook University/Courses/Spring 2024/CSE356/projects/cse356_project/script/.venv/lib/python3.12/site-packages/requests/api.py", line 115, in post
    return request("post", url, data=data, json=json, **kwargs)
           ^^^^^^^^^^^^^^^^^^^^^^^^^^^^^^^^^^^^^^^^^^^^^^^^^^^^
  File "/Users/harry/Stony Brook University/Courses/Spring 2024/CSE356/projects/cse356_project/script/.venv/lib/python3.12/site-packages/requests/api.py", line 59, in request
    return session.request(method=method, url=url, **kwargs)
           ^^^^^^^^^^^^^^^^^^^^^^^^^^^^^^^^^^^^^^^^^^^^^^^^^
  File "/Users/harry/Stony Brook University/Courses/Spring 2024/CSE356/projects/cse356_project/script/.venv/lib/python3.12/site-packages/requests/sessions.py", line 589, in request
    resp = self.send(prep, **send_kwargs)
           ^^^^^^^^^^^^^^^^^^^^^^^^^^^^^^
  File "/Users/harry/Stony Brook University/Courses/Spring 2024/CSE356/projects/cse356_project/script/.venv/lib/python3.12/site-packages/requests/sessions.py", line 703, in send
    r = adapter.send(request, **kwargs)
        ^^^^^^^^^^^^^^^^^^^^^^^^^^^^^^^
  File "/Users/harry/Stony Brook University/Courses/Spring 2024/CSE356/projects/cse356_project/script/.venv/lib/python3.12/site-packages/requests/adapters.py", line 486, in send
    resp = conn.urlopen(
           ^^^^^^^^^^^^^
  File "/Users/harry/Stony Brook University/Courses/Spring 2024/CSE356/projects/cse356_project/script/.venv/lib/python3.12/site-packages/urllib3/connectionpool.py", line 793, in urlopen
    response = self._make_request(
               ^^^^^^^^^^^^^^^^^^^
  File "/Users/harry/Stony Brook University/Courses/Spring 2024/CSE356/projects/cse356_project/script/.venv/lib/python3.12/site-packages/urllib3/connectionpool.py", line 537, in _make_request
    response = conn.getresponse()
               ^^^^^^^^^^^^^^^^^^
  File "/Users/harry/Stony Brook University/Courses/Spring 2024/CSE356/projects/cse356_project/script/.venv/lib/python3.12/site-packages/urllib3/connection.py", line 466, in getresponse
    httplib_response = super().getresponse()
                       ^^^^^^^^^^^^^^^^^^^^^
  File "/opt/homebrew/Cellar/python@3.12/3.12.2_1/Frameworks/Python.framework/Versions/3.12/lib/python3.12/http/client.py", line 1423, in getresponse
    response.begin()
  File "/opt/homebrew/Cellar/python@3.12/3.12.2_1/Frameworks/Python.framework/Versions/3.12/lib/python3.12/http/client.py", line 331, in begin
    version, status, reason = self._read_status()
                              ^^^^^^^^^^^^^^^^^^^
  File "/opt/homebrew/Cellar/python@3.12/3.12.2_1/Frameworks/Python.framework/Versions/3.12/lib/python3.12/http/client.py", line 292, in _read_status
    line = str(self.fp.readline(_MAXLINE + 1), "iso-8859-1")
               ^^^^^^^^^^^^^^^^^^^^^^^^^^^^^^
  File "/opt/homebrew/Cellar/python@3.12/3.12.2_1/Frameworks/Python.framework/Versions/3.12/lib/python3.12/socket.py", line 707, in readinto
    return self._sock.recv_into(b)
           ^^^^^^^^^^^^^^^^^^^^^^^
KeyboardInterrupt
- Request 93128: 43.1, -77.69999999999973 to 44.50000000000002, -75.69999999999985 returned 502
ERROR - Request 93129: 43.1, -77.69999999999973 to 44.50000000000002, -75.79999999999984 returned 502
ERROR - Request 93130: 43.1, -77.69999999999973 to 44.50000000000002, -75.89999999999984 returned 502
ERROR - Request 93131: 43.1, -77.69999999999973 to 44.50000000000002, -75.99999999999983 returned 502
ERROR - Request 93132: 43.1, -77.69999999999973 to 44.50000000000002, -76.09999999999982 returned 502
ERROR - Request 93133: 43.1, -77.69999999999973 to 44.50000000000002, -76.19999999999982 returned 502
ERROR - Request 93134: 43.1, -77.69999999999973 to 44.50000000000002, -76.29999999999981 returned 502
ERROR - Request 93135: 43.1, -77.69999999999973 to 44.50000000000002, -76.3999999999998 returned 502
ERROR - Request 93136: 43.1, -77.69999999999973 to 44.50000000000002, -76.4999999999998 returned 502
ERROR - Request 93137: 43.1, -77.69999999999973 to 44.50000000000002, -76.5999999999998 returned 502
ERROR - Request 93138: 43.1, -77.69999999999973 to 44.50000000000002, -76.69999999999979 returned 502
ERROR - Request 93139: 43.1, -77.69999999999973 to 44.50000000000002, -76.79999999999978 returned 502
ERROR - Request 93140: 43.1, -77.69999999999973 to 44.50000000000002, -76.89999999999978 returned 502
ERROR - Request 93141: 43.1, -77.69999999999973 to 44.50000000000002, -76.99999999999977 returned 502
ERROR - Request 93142: 43.1, -77.69999999999973 to 44.50000000000002, -77.09999999999977 returned 502
ERROR - Request 93143: 43.1, -77.69999999999973 to 44.50000000000002, -77.19999999999976 returned 502
Traceback (most recent call last):
  File "/Users/harry/Stony Brook University/Courses/Spring 2024/CSE356/projects/cse356_project/script/warm-route-cache.py", line 38, in <module>
    warm_cache()
  File "/Users/harry/Stony Brook University/Courses/Spring 2024/CSE356/projects/cse356_project/script/warm-route-cache.py", line 28, in warm_cache
    response = requests.post(API_URL, json=payload)
               ^^^^^^^^^^^^^^^^^^^^^^^^^^^^^^^^^^^^
  File "/Users/harry/Stony Brook University/Courses/Spring 2024/CSE356/projects/cse356_project/script/.venv/lib/python3.12/site-packages/requests/api.py", line 115, in post
    return request("post", url, data=data, json=json, **kwargs)
           ^^^^^^^^^^^^^^^^^^^^^^^^^^^^^^^^^^^^^^^^^^^^^^^^^^^^
  File "/Users/harry/Stony Brook University/Courses/Spring 2024/CSE356/projects/cse356_project/script/.venv/lib/python3.12/site-packages/requests/api.py", line 59, in request
    return session.request(method=method, url=url, **kwargs)
           ^^^^^^^^^^^^^^^^^^^^^^^^^^^^^^^^^^^^^^^^^^^^^^^^^
  File "/Users/harry/Stony Brook University/Courses/Spring 2024/CSE356/projects/cse356_project/script/.venv/lib/python3.12/site-packages/requests/sessions.py", line 589, in request
    resp = self.send(prep, **send_kwargs)
           ^^^^^^^^^^^^^^^^^^^^^^^^^^^^^^
  File "/Users/harry/Stony Brook University/Courses/Spring 2024/CSE356/projects/cse356_project/script/.venv/lib/python3.12/site-packages/requests/sessions.py", line 703, in send
    r = adapter.send(request, **kwargs)
        ^^^^^^^^^^^^^^^^^^^^^^^^^^^^^^^
  File "/Users/harry/Stony Brook University/Courses/Spring 2024/CSE356/projects/cse356_project/script/.venv/lib/python3.12/site-packages/requests/adapters.py", line 486, in send
    resp = conn.urlopen(
           ^^^^^^^^^^^^^
  File "/Users/harry/Stony Brook University/Courses/Spring 2024/CSE356/projects/cse356_project/script/.venv/lib/python3.12/site-packages/urllib3/connectionpool.py", line 793, in urlopen
    response = self._make_request(
               ^^^^^^^^^^^^^^^^^^^
  File "/Users/harry/Stony Brook University/Courses/Spring 2024/CSE356/projects/cse356_project/script/.venv/lib/python3.12/site-packages/urllib3/connectionpool.py", line 537, in _make_request
    response = conn.getresponse()
               ^^^^^^^^^^^^^^^^^^
  File "/Users/harry/Stony Brook University/Courses/Spring 2024/CSE356/projects/cse356_project/script/.venv/lib/python3.12/site-packages/urllib3/connection.py", line 466, in getresponse
    httplib_response = super().getresponse()
                       ^^^^^^^^^^^^^^^^^^^^^
  File "/opt/homebrew/Cellar/python@3.12/3.12.2_1/Frameworks/Python.framework/Versions/3.12/lib/python3.12/http/client.py", line 1423, in getresponse
    response.begin()
  File "/opt/homebrew/Cellar/python@3.12/3.12.2_1/Frameworks/Python.framework/Versions/3.12/lib/python3.12/http/client.py", line 331, in begin
    version, status, reason = self._read_status()
                              ^^^^^^^^^^^^^^^^^^^
  File "/opt/homebrew/Cellar/python@3.12/3.12.2_1/Frameworks/Python.framework/Versions/3.12/lib/python3.12/http/client.py", line 292, in _read_status
    line = str(self.fp.readline(_MAXLINE + 1), "iso-8859-1")
               ^^^^^^^^^^^^^^^^^^^^^^^^^^^^^^
  File "/opt/homebrew/Cellar/python@3.12/3.12.2_1/Frameworks/Python.framework/Versions/3.12/lib/python3.12/socket.py", line 707, in readinto
    return self._sock.recv_into(b)
           ^^^^^^^^^^^^^^^^^^^^^^^
KeyboardInterrupt
